<?xml version="1.0" encoding="UTF-8" ?>
<testsuite failures="0" time="45.281" errors="0" skipped="0" tests="2" name="TestSuite">
  <properties>
    <property name="java.runtime.name" value="Java(TM) SE Runtime Environment"/>
    <property name="sun.boot.library.path" value="D:\Program Files\Java\jdk1.7.0_79\jre\bin"/>
    <property name="java.vm.version" value="24.79-b02"/>
    <property name="java.vm.vendor" value="Oracle Corporation"/>
    <property name="java.vendor.url" value="http://java.oracle.com/"/>
    <property name="path.separator" value=";"/>
    <property name="java.vm.name" value="Java HotSpot(TM) 64-Bit Server VM"/>
    <property name="file.encoding.pkg" value="sun.io"/>
    <property name="user.script" value=""/>
    <property name="user.country" value="CN"/>
    <property name="sun.java.launcher" value="SUN_STANDARD"/>
    <property name="sun.os.patch.level" value="Service Pack 1"/>
    <property name="java.vm.specification.name" value="Java Virtual Machine Specification"/>
    <property name="user.dir" value="E:\Intellij_wospace\WebUI-Test\target"/>
    <property name="java.runtime.version" value="1.7.0_79-b15"/>
    <property name="java.awt.graphicsenv" value="sun.awt.Win32GraphicsEnvironment"/>
    <property name="basedir" value="E:\Intellij_wospace\WebUI-Test"/>
    <property name="java.endorsed.dirs" value="D:\Program Files\Java\jdk1.7.0_79\jre\lib\endorsed"/>
    <property name="os.arch" value="amd64"/>
    <property name="surefire.real.class.path" value="C:\Users\ADMINI~1\AppData\Local\Temp\surefirebooter5109431816956252402.jar"/>
    <property name="java.io.tmpdir" value="C:\Users\ADMINI~1\AppData\Local\Temp\"/>
    <property name="line.separator" value="
"/>
    <property name="java.vm.specification.vendor" value="Oracle Corporation"/>
    <property name="user.variant" value=""/>
    <property name="os.name" value="Windows 7"/>
    <property name="sun.jnu.encoding" value="GBK"/>
    <property name="jnidispatch.path" value="C:\Users\ADMINI~1\AppData\Local\Temp\jna-146731693\jna8646417390513821606.dll"/>
    <property name="java.library.path" value="D:\Program Files\Java\jdk1.7.0_79\jre\bin;C:\Windows\Sun\Java\bin;C:\Windows\system32;C:\Windows;C:\Windows\system32;C:\Windows;C:\Windows\System32\Wbem;C:\Windows\System32\WindowsPowerShell\v1.0\;D:\Program Files\Java\jdk1.7.0_79\bin;D:\Program Files\maven-3.3.9\bin;D:\Program Files\VanDyke Software\Clients\;C:\Program Files\MySQL\MySQL Server 5.5\bin;."/>
    <property name="surefire.test.class.path" value="E:\Intellij_wospace\WebUI-Test\target\test-classes;E:\Intellij_wospace\WebUI-Test\target\classes;D:\Program Files\maven_workspace\org\seleniumhq\selenium\selenium-java\2.53.0\selenium-java-2.53.0.jar;D:\Program Files\maven_workspace\org\seleniumhq\selenium\selenium-chrome-driver\2.53.0\selenium-chrome-driver-2.53.0.jar;D:\Program Files\maven_workspace\org\seleniumhq\selenium\selenium-edge-driver\2.53.0\selenium-edge-driver-2.53.0.jar;D:\Program Files\maven_workspace\commons-io\commons-io\2.4\commons-io-2.4.jar;D:\Program Files\maven_workspace\org\apache\commons\commons-exec\1.3\commons-exec-1.3.jar;D:\Program Files\maven_workspace\org\seleniumhq\selenium\selenium-firefox-driver\2.53.0\selenium-firefox-driver-2.53.0.jar;D:\Program Files\maven_workspace\org\seleniumhq\selenium\selenium-ie-driver\2.53.0\selenium-ie-driver-2.53.0.jar;D:\Program Files\maven_workspace\net\java\dev\jna\jna\4.1.0\jna-4.1.0.jar;D:\Program Files\maven_workspace\net\java\dev\jna\jna-platform\4.1.0\jna-platform-4.1.0.jar;D:\Program Files\maven_workspace\org\seleniumhq\selenium\selenium-safari-driver\2.53.0\selenium-safari-driver-2.53.0.jar;D:\Program Files\maven_workspace\io\netty\netty\3.5.7.Final\netty-3.5.7.Final.jar;D:\Program Files\maven_workspace\org\seleniumhq\selenium\selenium-leg-rc\2.53.0\selenium-leg-rc-2.53.0.jar;D:\Program Files\maven_workspace\org\testng\testng\6.8.5\testng-6.8.5.jar;D:\Program Files\maven_workspace\junit\junit\4.10\junit-4.10.jar;D:\Program Files\maven_workspace\org\hamcrest\hamcrest-core\1.1\hamcrest-core-1.1.jar;D:\Program Files\maven_workspace\org\beanshell\bsh\2.0b4\bsh-2.0b4.jar;D:\Program Files\maven_workspace\com\beust\jcommander\1.27\jcommander-1.27.jar;D:\Program Files\maven_workspace\org\yaml\snakeyaml\1.6\snakeyaml-1.6.jar;D:\Program Files\maven_workspace\log4j\log4j\1.2.17\log4j-1.2.17.jar;D:\Program Files\maven_workspace\org\seleniumhq\selenium\selenium-support\2.53.0\selenium-support-2.53.0.jar;D:\Program Files\maven_workspace\org\seleniumhq\selenium\selenium-remote-driver\2.53.0\selenium-remote-driver-2.53.0.jar;D:\Program Files\maven_workspace\cglib\cglib-nodep\2.1_3\cglib-nodep-2.1_3.jar;D:\Program Files\maven_workspace\com\google\code\gson\gson\2.3.1\gson-2.3.1.jar;D:\Program Files\maven_workspace\org\seleniumhq\selenium\selenium-api\2.53.0\selenium-api-2.53.0.jar;D:\Program Files\maven_workspace\org\apache\httpcomponents\httpclient\4.5.1\httpclient-4.5.1.jar;D:\Program Files\maven_workspace\org\apache\httpcomponents\httpcore\4.4.3\httpcore-4.4.3.jar;D:\Program Files\maven_workspace\commons-logging\commons-logging\1.2\commons-logging-1.2.jar;D:\Program Files\maven_workspace\commons-codec\commons-codec\1.9\commons-codec-1.9.jar;D:\Program Files\maven_workspace\com\google\guava\guava\19.0\guava-19.0.jar;D:\Program Files\maven_workspace\mysql\mysql-connector-java\5.1.38\mysql-connector-java-5.1.38.jar;D:\Program Files\maven_workspace\org\uncommons\reportng\1.1.4\reportng-1.1.4.jar;D:\Program Files\maven_workspace\velocity\velocity\1.4\velocity-1.4.jar;D:\Program Files\maven_workspace\velocity\velocity-dep\1.4\velocity-dep-1.4.jar;D:\Program Files\maven_workspace\com\google\inject\guice\3.0\guice-3.0.jar;D:\Program Files\maven_workspace\javax\inject\javax.inject\1\javax.inject-1.jar;D:\Program Files\maven_workspace\aopalliance\aopalliance\1.0\aopalliance-1.0.jar;"/>
    <property name="java.specification.name" value="Java Platform API Specification"/>
    <property name="java.class.version" value="51.0"/>
    <property name="sun.management.compiler" value="HotSpot 64-Bit Tiered Compilers"/>
    <property name="os.version" value="6.1"/>
    <property name="user.home" value="C:\Users\Administrator"/>
    <property name="user.timezone" value="Asia/Shanghai"/>
    <property name="java.awt.printerjob" value="sun.awt.windows.WPrinterJob"/>
    <property name="java.specification.version" value="1.7"/>
    <property name="file.encoding" value="GBK"/>
    <property name="user.name" value="Administrator"/>
    <property name="java.class.path" value="E:\Intellij_wospace\WebUI-Test\target\test-classes;E:\Intellij_wospace\WebUI-Test\target\classes;D:\Program Files\maven_workspace\org\seleniumhq\selenium\selenium-java\2.53.0\selenium-java-2.53.0.jar;D:\Program Files\maven_workspace\org\seleniumhq\selenium\selenium-chrome-driver\2.53.0\selenium-chrome-driver-2.53.0.jar;D:\Program Files\maven_workspace\org\seleniumhq\selenium\selenium-edge-driver\2.53.0\selenium-edge-driver-2.53.0.jar;D:\Program Files\maven_workspace\commons-io\commons-io\2.4\commons-io-2.4.jar;D:\Program Files\maven_workspace\org\apache\commons\commons-exec\1.3\commons-exec-1.3.jar;D:\Program Files\maven_workspace\org\seleniumhq\selenium\selenium-firefox-driver\2.53.0\selenium-firefox-driver-2.53.0.jar;D:\Program Files\maven_workspace\org\seleniumhq\selenium\selenium-ie-driver\2.53.0\selenium-ie-driver-2.53.0.jar;D:\Program Files\maven_workspace\net\java\dev\jna\jna\4.1.0\jna-4.1.0.jar;D:\Program Files\maven_workspace\net\java\dev\jna\jna-platform\4.1.0\jna-platform-4.1.0.jar;D:\Program Files\maven_workspace\org\seleniumhq\selenium\selenium-safari-driver\2.53.0\selenium-safari-driver-2.53.0.jar;D:\Program Files\maven_workspace\io\netty\netty\3.5.7.Final\netty-3.5.7.Final.jar;D:\Program Files\maven_workspace\org\seleniumhq\selenium\selenium-leg-rc\2.53.0\selenium-leg-rc-2.53.0.jar;D:\Program Files\maven_workspace\org\testng\testng\6.8.5\testng-6.8.5.jar;D:\Program Files\maven_workspace\junit\junit\4.10\junit-4.10.jar;D:\Program Files\maven_workspace\org\hamcrest\hamcrest-core\1.1\hamcrest-core-1.1.jar;D:\Program Files\maven_workspace\org\beanshell\bsh\2.0b4\bsh-2.0b4.jar;D:\Program Files\maven_workspace\com\beust\jcommander\1.27\jcommander-1.27.jar;D:\Program Files\maven_workspace\org\yaml\snakeyaml\1.6\snakeyaml-1.6.jar;D:\Program Files\maven_workspace\log4j\log4j\1.2.17\log4j-1.2.17.jar;D:\Program Files\maven_workspace\org\seleniumhq\selenium\selenium-support\2.53.0\selenium-support-2.53.0.jar;D:\Program Files\maven_workspace\org\seleniumhq\selenium\selenium-remote-driver\2.53.0\selenium-remote-driver-2.53.0.jar;D:\Program Files\maven_workspace\cglib\cglib-nodep\2.1_3\cglib-nodep-2.1_3.jar;D:\Program Files\maven_workspace\com\google\code\gson\gson\2.3.1\gson-2.3.1.jar;D:\Program Files\maven_workspace\org\seleniumhq\selenium\selenium-api\2.53.0\selenium-api-2.53.0.jar;D:\Program Files\maven_workspace\org\apache\httpcomponents\httpclient\4.5.1\httpclient-4.5.1.jar;D:\Program Files\maven_workspace\org\apache\httpcomponents\httpcore\4.4.3\httpcore-4.4.3.jar;D:\Program Files\maven_workspace\commons-logging\commons-logging\1.2\commons-logging-1.2.jar;D:\Program Files\maven_workspace\commons-codec\commons-codec\1.9\commons-codec-1.9.jar;D:\Program Files\maven_workspace\com\google\guava\guava\19.0\guava-19.0.jar;D:\Program Files\maven_workspace\mysql\mysql-connector-java\5.1.38\mysql-connector-java-5.1.38.jar;D:\Program Files\maven_workspace\org\uncommons\reportng\1.1.4\reportng-1.1.4.jar;D:\Program Files\maven_workspace\velocity\velocity\1.4\velocity-1.4.jar;D:\Program Files\maven_workspace\velocity\velocity-dep\1.4\velocity-dep-1.4.jar;D:\Program Files\maven_workspace\com\google\inject\guice\3.0\guice-3.0.jar;D:\Program Files\maven_workspace\javax\inject\javax.inject\1\javax.inject-1.jar;D:\Program Files\maven_workspace\aopalliance\aopalliance\1.0\aopalliance-1.0.jar;"/>
    <property name="java.vm.specification.version" value="1.7"/>
    <property name="sun.arch.data.model" value="64"/>
    <property name="java.home" value="D:\Program Files\Java\jdk1.7.0_79\jre"/>
    <property name="sun.java.command" value="C:\Users\ADMINI~1\AppData\Local\Temp\surefirebooter5109431816956252402.jar C:\Users\ADMINI~1\AppData\Local\Temp\surefire463511017206335948tmp C:\Users\ADMINI~1\AppData\Local\Temp\surefire6940908315325872396tmp"/>
    <property name="java.specification.vendor" value="Oracle Corporation"/>
    <property name="user.language" value="zh"/>
    <property name="awt.toolkit" value="sun.awt.windows.WToolkit"/>
    <property name="java.vm.info" value="mixed mode"/>
    <property name="java.version" value="1.7.0_79"/>
    <property name="java.ext.dirs" value="D:\Program Files\Java\jdk1.7.0_79\jre\lib\ext;C:\Windows\Sun\Java\lib\ext"/>
    <property name="sun.boot.class.path" value="D:\Program Files\Java\jdk1.7.0_79\jre\lib\resources.jar;D:\Program Files\Java\jdk1.7.0_79\jre\lib\rt.jar;D:\Program Files\Java\jdk1.7.0_79\jre\lib\sunrsasign.jar;D:\Program Files\Java\jdk1.7.0_79\jre\lib\jsse.jar;D:\Program Files\Java\jdk1.7.0_79\jre\lib\jce.jar;D:\Program Files\Java\jdk1.7.0_79\jre\lib\charsets.jar;D:\Program Files\Java\jdk1.7.0_79\jre\lib\jfr.jar;D:\Program Files\Java\jdk1.7.0_79\jre\classes"/>
    <property name="webdriver.chrome.driver" value="C:/Program Files (x86)/Google/Chrome/Application/chromedriver.exe"/>
    <property name="java.vendor" value="Oracle Corporation"/>
    <property name="localRepository" value="D:\Program Files\maven_workspace"/>
    <property name="file.separator" value="\"/>
    <property name="java.vendor.url.bug" value="http://bugreport.sun.com/bugreport/"/>
    <property name="sun.cpu.endian" value="little"/>
    <property name="sun.io.unicode.encoding" value="UnicodeLittle"/>
    <property name="sun.desktop" value="windows"/>
    <property name="sun.cpu.isalist" value="amd64"/>
  </properties>
  <testcase time="6.877" classname="cases_ejj.dingdan.MakeOrder_Test" name="addAddress"/>
  <testcase time="6.18" classname="cases_ejj.dingdan.CancelOrderTest" name="cancelOrderTest"/>
</testsuite>